<?xml version="1.0" encoding="UTF-8"?>
<testsuite xmlns:xsi="http://www.w3.org/2001/XMLSchema-instance" xsi:noNamespaceSchemaLocation="https://maven.apache.org/surefire/maven-surefire-plugin/xsd/surefire-test-report-3.0.xsd" version="3.0" name="com.dglazewski.mvcdg.MvcdgApplicationTests" time="6.629" tests="1" errors="0" skipped="0" failures="0">
  <properties>
[...]
</properties>
  <testcase name="contextLoads" classname="com.dglazewski.mvcdg.MvcdgApplicationTests" time="1.216">
    <system-out><![CDATA[21:37:58.258 [main] INFO org.springframework.test.context.support.AnnotationConfigContextLoaderUtils -- Could not detect default configuration classes for test class [com.dglazewski.mvcdg.MvcdgApplicationTests]: MvcdgApplicationTests does not declare any static, non-private, non-final, nested classes annotated with @Configuration.
21:37:58.403 [main] INFO org.springframework.boot.test.context.SpringBootTestContextBootstrapper -- Found @SpringBootConfiguration com.dglazewski.mvcdg.MvcdgApplication for test class com.dglazewski.mvcdg.MvcdgApplicationTests

  .   ____          _            __ _ _
 /\\ / ___'_ __ _ _(_)_ __  __ _ \ \ \ \
( ( )\___ | '_ | '_| | '_ \/ _` | \ \ \ \
 \\/  ___)| |_)| | | | | || (_| |  ) ) ) )
  '  |____| .__|_| |_|_| |_\__, | / / / /
 =========|_|==============|___/=/_/_/_/
 :: Spring Boot ::                (v3.1.0)

2023-06-14T21:37:59.063+02:00  INFO 14968 --- [           main] c.d.mvcdg.MvcdgApplicationTests          : Starting MvcdgApplicationTests using Java 17.0.7 with PID 14968 (started by darek in C:\Users\darek\IdeaProjects\mvcdg)
2023-06-14T21:37:59.072+02:00  INFO 14968 --- [           main] c.d.mvcdg.MvcdgApplicationTests          : No active profile set, falling back to 1 default profile: "default"
2023-06-14T21:38:03.301+02:00  INFO 14968 --- [           main] o.s.b.a.e.web.EndpointLinksResolver      : Exposing 1 endpoint(s) beneath base path '/actuator'
2023-06-14T21:38:03.381+02:00  INFO 14968 --- [           main] c.d.mvcdg.MvcdgApplicationTests          : Started MvcdgApplicationTests in 4.688 seconds (process running for 6.101)
]]></system-out>
  </testcase>
</testsuite>